build/app/intermediates/manifest_merge_blame_file/debug/manifest-merger-blame-debug-report.txt
1<?xml version="1.0" encoding="utf-8"?>
2<manifest xmlns:android="http://schemas.android.com/apk/res/android"
3    package="com.sahil.fluttershare"
4    android:versionCode="1"
5    android:versionName="1.0.0" >
6
7    <uses-sdk
8        android:minSdkVersion="19"
9        android:targetSdkVersion="28" />
10    <!--
11         Flutter needs it to communicate with the running application
12         to allow setting breakpoints, to provide hot reload, etc.
13    -->
14    <uses-permission android:name="android.permission.INTERNET" />
14-->src/debug/AndroidManifest.xml:6:5-66
14-->src/debug/AndroidManifest.xml:6:22-64
15    <uses-permission android:name="android.permission.READ_EXTERNAL_STORAGE" />
15-->[:image_picker] AndroidManifest.xml:7:5-80
15-->[:image_picker] AndroidManifest.xml:7:22-77
16    <uses-permission android:name="android.permission.WRITE_EXTERNAL_STORAGE" />
16-->[:image_picker] AndroidManifest.xml:8:5-81
16-->[:image_picker] AndroidManifest.xml:8:22-78
17    <uses-permission android:name="android.permission.ACCESS_FINE_LOCATION" /> <!-- Although the *SdkVersion is captured in gradle build files, this is required for non gradle builds -->
17-->[:geolocator] AndroidManifest.xml:7:5-79
17-->[:geolocator] AndroidManifest.xml:7:22-76
18    <!-- <uses-sdk android:minSdkVersion="14" /> -->
19    <uses-permission android:name="android.permission.ACCESS_NETWORK_STATE" />
19-->[com.google.firebase:firebase-firestore:21.3.0] AndroidManifest.xml:13:5-79
19-->[com.google.firebase:firebase-firestore:21.3.0] AndroidManifest.xml:13:22-76
20    <uses-permission android:name="android.permission.WAKE_LOCK" /> <!-- Required by older versions of Google Play services to create IID tokens -->
20-->[com.google.android.gms:play-services-measurement-api:17.2.2] AndroidManifest.xml:24:5-68
20-->[com.google.android.gms:play-services-measurement-api:17.2.2] AndroidManifest.xml:24:22-65
21    <uses-permission android:name="com.google.android.c2dm.permission.RECEIVE" />
21-->[com.google.firebase:firebase-iid:20.0.2] AndroidManifest.xml:26:5-82
21-->[com.google.firebase:firebase-iid:20.0.2] AndroidManifest.xml:26:22-79
22    <uses-permission android:name="com.google.android.finsky.permission.BIND_GET_INSTALL_REFERRER_SERVICE" />
22-->[com.google.android.gms:play-services-measurement:17.2.2] AndroidManifest.xml:26:5-110
22-->[com.google.android.gms:play-services-measurement:17.2.2] AndroidManifest.xml:26:22-107
23    <!--
24 io.flutter.app.FlutterApplication is an android.app.Application that
25         calls FlutterMain.startInitialization(this); in its onCreate method.
26         In most cases you can leave this as-is, but you if you want to provide
27         additional functionality it is fine to subclass or reimplement
28         FlutterApplication and put your custom class here.
29    -->
30    <application
30-->src/main/AndroidManifest.xml:8:5-46:19
31        android:name="io.flutter.app.FlutterApplication"
31-->src/main/AndroidManifest.xml:9:9-57
32        android:appComponentFactory="androidx.core.app.CoreComponentFactory"
32-->[androidx.core:core:1.2.0] AndroidManifest.xml:24:18-86
33        android:debuggable="true"
34        android:icon="@mipmap/ic_launcher"
34-->src/main/AndroidManifest.xml:11:9-43
35        android:label="flutter14app" >
35-->src/main/AndroidManifest.xml:10:9-37
36        <activity
36-->src/main/AndroidManifest.xml:12:9-40:20
37            android:name="com.thunder.flutter14app.MainActivity"
37-->src/main/AndroidManifest.xml:13:13-41
38            android:configChanges="orientation|keyboardHidden|keyboard|screenSize|smallestScreenSize|locale|layoutDirection|fontScale|screenLayout|density|uiMode"
38-->src/main/AndroidManifest.xml:16:13-163
39            android:hardwareAccelerated="true"
39-->src/main/AndroidManifest.xml:17:13-47
40            android:launchMode="singleTop"
40-->src/main/AndroidManifest.xml:14:13-43
41            android:theme="@style/LaunchTheme"
41-->src/main/AndroidManifest.xml:15:13-47
42            android:windowSoftInputMode="adjustResize" >
42-->src/main/AndroidManifest.xml:18:13-55
43
44            <!--
45                 Specifies an Android theme to apply to this Activity as soon as
46                 the Android process has started. This theme is visible to the user
47                 while the Flutter UI initializes. After that, this theme continues
48                 to determine the Window background behind the Flutter UI.
49            -->
50            <meta-data
50-->src/main/AndroidManifest.xml:23:13-26:17
51                android:name="io.flutter.embedding.android.NormalTheme"
51-->src/main/AndroidManifest.xml:24:15-70
52                android:resource="@style/NormalTheme" />
52-->src/main/AndroidManifest.xml:25:15-52
53            <!--
54                 Displays an Android View that continues showing the launch screen
55                 Drawable until Flutter paints its first frame, then this splash
56                 screen fades out. A splash screen is useful to avoid any visual
57                 gap between the end of Android's launch screen and the painting of
58                 Flutter's first frame.
59            -->
60            <meta-data
60-->src/main/AndroidManifest.xml:32:13-35:17
61                android:name="io.flutter.embedding.android.SplashScreenDrawable"
61-->src/main/AndroidManifest.xml:33:15-79
62                android:resource="@drawable/launch_background" />
62-->src/main/AndroidManifest.xml:34:15-61
63
64            <intent-filter>
64-->src/main/AndroidManifest.xml:36:13-39:29
65                <action android:name="android.intent.action.MAIN" />
65-->src/main/AndroidManifest.xml:37:17-68
65-->src/main/AndroidManifest.xml:37:25-66
66
67                <category android:name="android.intent.category.LAUNCHER" />
67-->src/main/AndroidManifest.xml:38:17-76
67-->src/main/AndroidManifest.xml:38:27-74
68            </intent-filter>
69        </activity>
70        <!--
71             Don't delete the meta-data below.
72             This is used by the Flutter tool to generate GeneratedPluginRegistrant.java
73        -->
74        <meta-data
74-->src/main/AndroidManifest.xml:43:9-45:33
75            android:name="flutterEmbedding"
75-->src/main/AndroidManifest.xml:44:13-44
76            android:value="2" />
76-->src/main/AndroidManifest.xml:45:13-30
77
78        <provider
78-->[:image_picker] AndroidManifest.xml:11:9-19:20
79            android:name="io.flutter.plugins.imagepicker.ImagePickerFileProvider"
79-->[:image_picker] AndroidManifest.xml:12:13-82
80            android:authorities="com.sahil.fluttershare.flutter.image_provider"
80-->[:image_picker] AndroidManifest.xml:13:13-74
81            android:exported="false"
81-->[:image_picker] AndroidManifest.xml:14:13-37
82            android:grantUriPermissions="true" >
82-->[:image_picker] AndroidManifest.xml:15:13-47
83            <meta-data
83-->[:image_picker] AndroidManifest.xml:16:13-18:75
84                android:name="android.support.FILE_PROVIDER_PATHS"
84-->[:image_picker] AndroidManifest.xml:17:17-67
85                android:resource="@xml/flutter_image_picker_file_paths" />
85-->[:image_picker] AndroidManifest.xml:18:17-72
86        </provider>
87
88        <service
88-->[:cloud_firestore] AndroidManifest.xml:8:9-12:19
89            android:name="com.google.firebase.components.ComponentDiscoveryService"
89-->[:cloud_firestore] AndroidManifest.xml:8:18-89
90            android:directBootAware="true"
90-->[com.google.firebase:firebase-common:19.3.0] AndroidManifest.xml:34:13-43
91            android:exported="false" >
91-->[com.google.firebase:firebase-firestore:21.3.0] AndroidManifest.xml:19:13-37
92            <meta-data
92-->[:cloud_firestore] AndroidManifest.xml:9:13-11:85
93                android:name="com.google.firebase.components:io.flutter.plugins.firebase.cloudfirestore.FlutterFirebaseAppRegistrar"
93-->[:cloud_firestore] AndroidManifest.xml:10:17-133
94                android:value="com.google.firebase.components.ComponentRegistrar" />
94-->[:cloud_firestore] AndroidManifest.xml:11:17-82
95            <meta-data
95-->[:firebase_auth] AndroidManifest.xml:9:13-11:85
96                android:name="com.google.firebase.components:io.flutter.plugins.firebaseauth.FlutterFirebaseAppRegistrar"
96-->[:firebase_auth] AndroidManifest.xml:10:17-122
97                android:value="com.google.firebase.components.ComponentRegistrar" />
97-->[:firebase_auth] AndroidManifest.xml:11:17-82
98            <meta-data
98-->[:firebase_storage] AndroidManifest.xml:9:13-11:85
99                android:name="com.google.firebase.components:io.flutter.plugins.firebase.storage.FlutterFirebaseAppRegistrar"
99-->[:firebase_storage] AndroidManifest.xml:10:17-126
100                android:value="com.google.firebase.components.ComponentRegistrar" />
100-->[:firebase_storage] AndroidManifest.xml:11:17-82
101            <meta-data
101-->[:firebase_core] AndroidManifest.xml:9:13-11:85
102                android:name="com.google.firebase.components:io.flutter.plugins.firebase.core.FlutterFirebaseAppRegistrar"
102-->[:firebase_core] AndroidManifest.xml:10:17-123
103                android:value="com.google.firebase.components.ComponentRegistrar" />
103-->[:firebase_core] AndroidManifest.xml:11:17-82
104            <meta-data
104-->[:firebase_messaging] AndroidManifest.xml:14:13-16:85
105                android:name="com.google.firebase.components:io.flutter.plugins.firebasemessaging.FlutterFirebaseAppRegistrar"
105-->[:firebase_messaging] AndroidManifest.xml:15:17-127
106                android:value="com.google.firebase.components.ComponentRegistrar" />
106-->[:firebase_messaging] AndroidManifest.xml:16:17-82
107            <meta-data
107-->[com.google.firebase:firebase-firestore:21.3.0] AndroidManifest.xml:20:13-22:85
108                android:name="com.google.firebase.components:com.google.firebase.firestore.FirestoreRegistrar"
108-->[com.google.firebase:firebase-firestore:21.3.0] AndroidManifest.xml:21:17-111
109                android:value="com.google.firebase.components.ComponentRegistrar" />
109-->[com.google.firebase:firebase-firestore:21.3.0] AndroidManifest.xml:22:17-82
110            <meta-data
110-->[com.google.firebase:firebase-auth:19.2.0] AndroidManifest.xml:36:13-38:85
111                android:name="com.google.firebase.components:com.google.firebase.auth.FirebaseAuthRegistrar"
111-->[com.google.firebase:firebase-auth:19.2.0] AndroidManifest.xml:37:17-109
112                android:value="com.google.firebase.components.ComponentRegistrar" />
112-->[com.google.firebase:firebase-auth:19.2.0] AndroidManifest.xml:38:17-82
113            <meta-data
113-->[com.google.firebase:firebase-storage:17.0.0] AndroidManifest.xml:31:13-33:85
114                android:name="com.google.firebase.components:com.google.firebase.storage.StorageRegistrar"
114-->[com.google.firebase:firebase-storage:17.0.0] AndroidManifest.xml:32:17-107
115                android:value="com.google.firebase.components.ComponentRegistrar" />
115-->[com.google.firebase:firebase-storage:17.0.0] AndroidManifest.xml:33:17-82
116            <meta-data
116-->[com.google.android.gms:play-services-measurement-api:17.2.2] AndroidManifest.xml:30:13-32:85
117                android:name="com.google.firebase.components:com.google.firebase.analytics.connector.internal.AnalyticsConnectorRegistrar"
117-->[com.google.android.gms:play-services-measurement-api:17.2.2] AndroidManifest.xml:31:17-139
118                android:value="com.google.firebase.components.ComponentRegistrar" />
118-->[com.google.android.gms:play-services-measurement-api:17.2.2] AndroidManifest.xml:32:17-82
119            <meta-data
119-->[com.google.firebase:firebase-iid:20.0.2] AndroidManifest.xml:32:13-34:85
120                android:name="com.google.firebase.components:com.google.firebase.iid.Registrar"
120-->[com.google.firebase:firebase-iid:20.0.2] AndroidManifest.xml:33:17-96
121                android:value="com.google.firebase.components.ComponentRegistrar" />
121-->[com.google.firebase:firebase-iid:20.0.2] AndroidManifest.xml:34:17-82
122        </service>
123        <service android:name="io.flutter.plugins.firebasemessaging.FlutterFirebaseMessagingService" >
123-->[:firebase_messaging] AndroidManifest.xml:8:9-12:19
123-->[:firebase_messaging] AndroidManifest.xml:8:18-101
124            <intent-filter>
124-->[:firebase_messaging] AndroidManifest.xml:9:13-11:29
125                <action android:name="com.google.firebase.MESSAGING_EVENT" />
125-->[:firebase_messaging] AndroidManifest.xml:10:17-78
125-->[:firebase_messaging] AndroidManifest.xml:10:25-75
126            </intent-filter>
127        </service>
128
129        <activity
129-->[com.google.android.gms:play-services-auth:16.0.1] AndroidManifest.xml:23:9-27:75
130            android:name="com.google.android.gms.auth.api.signin.internal.SignInHubActivity"
130-->[com.google.android.gms:play-services-auth:16.0.1] AndroidManifest.xml:24:13-93
131            android:excludeFromRecents="true"
131-->[com.google.android.gms:play-services-auth:16.0.1] AndroidManifest.xml:25:13-46
132            android:exported="false"
132-->[com.google.android.gms:play-services-auth:16.0.1] AndroidManifest.xml:26:13-37
133            android:theme="@android:style/Theme.Translucent.NoTitleBar" />
133-->[com.google.android.gms:play-services-auth:16.0.1] AndroidManifest.xml:27:13-72
134        <!--
135            Service handling Google Sign-In user revocation. For apps that do not integrate with
136            Google Sign-In, this service will never be started.
137        -->
138        <service
138-->[com.google.android.gms:play-services-auth:16.0.1] AndroidManifest.xml:33:9-36:110
139            android:name="com.google.android.gms.auth.api.signin.RevocationBoundService"
139-->[com.google.android.gms:play-services-auth:16.0.1] AndroidManifest.xml:34:13-89
140            android:exported="true"
140-->[com.google.android.gms:play-services-auth:16.0.1] AndroidManifest.xml:35:13-36
141            android:permission="com.google.android.gms.auth.api.signin.permission.REVOCATION_NOTIFICATION" />
141-->[com.google.android.gms:play-services-auth:16.0.1] AndroidManifest.xml:36:13-107
142
143        <activity
143-->[com.google.firebase:firebase-auth:19.2.0] AndroidManifest.xml:24:9-31:50
144            android:name="com.google.firebase.auth.internal.FederatedSignInActivity"
144-->[com.google.firebase:firebase-auth:19.2.0] AndroidManifest.xml:25:13-85
145            android:excludeFromRecents="true"
145-->[com.google.firebase:firebase-auth:19.2.0] AndroidManifest.xml:26:13-46
146            android:exported="true"
146-->[com.google.firebase:firebase-auth:19.2.0] AndroidManifest.xml:27:13-36
147            android:launchMode="singleTask"
147-->[com.google.firebase:firebase-auth:19.2.0] AndroidManifest.xml:28:13-44
148            android:permission="com.google.firebase.auth.api.gms.permission.LAUNCH_FEDERATED_SIGN_IN"
148-->[com.google.firebase:firebase-auth:19.2.0] AndroidManifest.xml:29:13-102
149            android:theme="@android:style/Theme.Translucent.NoTitleBar" />
149-->[com.google.firebase:firebase-auth:19.2.0] AndroidManifest.xml:30:13-72
150        <!--
151             FirebaseMessagingService performs security checks at runtime,
152             but set to not exported to explicitly avoid allowing another app to call it.
153        -->
154        <service
154-->[com.google.firebase:firebase-messaging:20.0.1] AndroidManifest.xml:28:9-34:19
155            android:name="com.google.firebase.messaging.FirebaseMessagingService"
155-->[com.google.firebase:firebase-messaging:20.0.1] AndroidManifest.xml:29:13-82
156            android:exported="false" >
156-->[com.google.firebase:firebase-messaging:20.0.1] AndroidManifest.xml:30:13-37
157            <intent-filter android:priority="-500" >
157-->[:firebase_messaging] AndroidManifest.xml:9:13-11:29
158                <action android:name="com.google.firebase.MESSAGING_EVENT" />
158-->[:firebase_messaging] AndroidManifest.xml:10:17-78
158-->[:firebase_messaging] AndroidManifest.xml:10:25-75
159            </intent-filter>
160        </service>
161
162        <receiver
162-->[com.google.firebase:firebase-iid:20.0.2] AndroidManifest.xml:37:9-44:20
163            android:name="com.google.firebase.iid.FirebaseInstanceIdReceiver"
163-->[com.google.firebase:firebase-iid:20.0.2] AndroidManifest.xml:38:13-78
164            android:exported="true"
164-->[com.google.firebase:firebase-iid:20.0.2] AndroidManifest.xml:39:13-36
165            android:permission="com.google.android.c2dm.permission.SEND" >
165-->[com.google.firebase:firebase-iid:20.0.2] AndroidManifest.xml:40:13-73
166            <intent-filter>
166-->[com.google.firebase:firebase-iid:20.0.2] AndroidManifest.xml:41:13-43:29
167                <action android:name="com.google.android.c2dm.intent.RECEIVE" />
167-->[com.google.firebase:firebase-iid:20.0.2] AndroidManifest.xml:42:17-81
167-->[com.google.firebase:firebase-iid:20.0.2] AndroidManifest.xml:42:25-78
168            </intent-filter>
169        </receiver>
170
171        <activity
171-->[com.google.android.gms:play-services-base:17.2.1] AndroidManifest.xml:23:9-26:75
172            android:name="com.google.android.gms.common.api.GoogleApiActivity"
172-->[com.google.android.gms:play-services-base:17.2.1] AndroidManifest.xml:24:13-79
173            android:exported="false"
173-->[com.google.android.gms:play-services-base:17.2.1] AndroidManifest.xml:25:13-37
174            android:theme="@android:style/Theme.Translucent.NoTitleBar" />
174-->[com.google.android.gms:play-services-base:17.2.1] AndroidManifest.xml:26:13-72
175
176        <receiver
176-->[com.google.android.gms:play-services-measurement:17.2.2] AndroidManifest.xml:29:9-33:20
177            android:name="com.google.android.gms.measurement.AppMeasurementReceiver"
177-->[com.google.android.gms:play-services-measurement:17.2.2] AndroidManifest.xml:30:13-85
178            android:enabled="true"
178-->[com.google.android.gms:play-services-measurement:17.2.2] AndroidManifest.xml:31:13-35
179            android:exported="false" >
179-->[com.google.android.gms:play-services-measurement:17.2.2] AndroidManifest.xml:32:13-37
180        </receiver>
181        <receiver
181-->[com.google.android.gms:play-services-measurement:17.2.2] AndroidManifest.xml:34:9-42:20
182            android:name="com.google.android.gms.measurement.AppMeasurementInstallReferrerReceiver"
182-->[com.google.android.gms:play-services-measurement:17.2.2] AndroidManifest.xml:35:13-100
183            android:enabled="true"
183-->[com.google.android.gms:play-services-measurement:17.2.2] AndroidManifest.xml:36:13-35
184            android:exported="true"
184-->[com.google.android.gms:play-services-measurement:17.2.2] AndroidManifest.xml:37:13-36
185            android:permission="android.permission.INSTALL_PACKAGES" >
185-->[com.google.android.gms:play-services-measurement:17.2.2] AndroidManifest.xml:38:13-69
186            <intent-filter>
186-->[com.google.android.gms:play-services-measurement:17.2.2] AndroidManifest.xml:39:13-41:29
187                <action android:name="com.android.vending.INSTALL_REFERRER" />
187-->[com.google.android.gms:play-services-measurement:17.2.2] AndroidManifest.xml:40:17-79
187-->[com.google.android.gms:play-services-measurement:17.2.2] AndroidManifest.xml:40:25-76
188            </intent-filter>
189        </receiver>
190
191        <service
191-->[com.google.android.gms:play-services-measurement:17.2.2] AndroidManifest.xml:44:9-47:40
192            android:name="com.google.android.gms.measurement.AppMeasurementService"
192-->[com.google.android.gms:play-services-measurement:17.2.2] AndroidManifest.xml:45:13-84
193            android:enabled="true"
193-->[com.google.android.gms:play-services-measurement:17.2.2] AndroidManifest.xml:46:13-35
194            android:exported="false" />
194-->[com.google.android.gms:play-services-measurement:17.2.2] AndroidManifest.xml:47:13-37
195        <service
195-->[com.google.android.gms:play-services-measurement:17.2.2] AndroidManifest.xml:48:9-52:72
196            android:name="com.google.android.gms.measurement.AppMeasurementJobService"
196-->[com.google.android.gms:play-services-measurement:17.2.2] AndroidManifest.xml:49:13-87
197            android:enabled="true"
197-->[com.google.android.gms:play-services-measurement:17.2.2] AndroidManifest.xml:50:13-35
198            android:exported="false"
198-->[com.google.android.gms:play-services-measurement:17.2.2] AndroidManifest.xml:51:13-37
199            android:permission="android.permission.BIND_JOB_SERVICE" />
199-->[com.google.android.gms:play-services-measurement:17.2.2] AndroidManifest.xml:52:13-69
200
201        <provider
201-->[com.google.firebase:firebase-common:19.3.0] AndroidManifest.xml:26:9-30:39
202            android:name="com.google.firebase.provider.FirebaseInitProvider"
202-->[com.google.firebase:firebase-common:19.3.0] AndroidManifest.xml:27:13-77
203            android:authorities="com.sahil.fluttershare.firebaseinitprovider"
203-->[com.google.firebase:firebase-common:19.3.0] AndroidManifest.xml:28:13-72
204            android:exported="false"
204-->[com.google.firebase:firebase-common:19.3.0] AndroidManifest.xml:29:13-37
205            android:initOrder="100" />
205-->[com.google.firebase:firebase-common:19.3.0] AndroidManifest.xml:30:13-36
206
207        <meta-data
207-->[com.google.android.gms:play-services-basement:17.2.1] AndroidManifest.xml:23:9-25:69
208            android:name="com.google.android.gms.version"
208-->[com.google.android.gms:play-services-basement:17.2.1] AndroidManifest.xml:24:13-58
209            android:value="@integer/google_play_services_version" />
209-->[com.google.android.gms:play-services-basement:17.2.1] AndroidManifest.xml:25:13-66
210    </application>
211
212</manifest>